<?xml version="1.0" encoding="UTF-8"?>
<testng-results ignored="0" total="4" passed="4" failed="0" skipped="0">
  <reporter-output>
  </reporter-output>
  <suite started-at="2022-02-03T13:10:13 IST" name="Suite" finished-at="2022-02-03T13:10:35 IST" duration-ms="21353">
    <groups>
    </groups>
    <test started-at="2022-02-03T13:10:13 IST" name="ChromeTest" finished-at="2022-02-03T13:10:22 IST" duration-ms="8601">
      <class name="test.VerifyHeaderOfActitime">
        <test-method is-config="true" signature="lauchBrowser(java.lang.String)[pri:0, instance:test.VerifyHeaderOfActitime@42e99e4a]" started-at="2022-02-03T13:10:14 IST" name="lauchBrowser" finished-at="2022-02-03T13:10:15 IST" duration-ms="1977" status="PASS">
          <params>
            <param index="0">
              <value>
                <![CDATA[chrome]]>
              </value>
            </param>
          </params>
          <reporter-output>
          </reporter-output>
        </test-method> <!-- lauchBrowser -->
        <test-method is-config="true" signature="initializePomclasses()[pri:0, instance:test.VerifyHeaderOfActitime@42e99e4a]" started-at="2022-02-03T13:10:16 IST" name="initializePomclasses" finished-at="2022-02-03T13:10:16 IST" duration-ms="42" status="PASS">
          <reporter-output>
          </reporter-output>
        </test-method> <!-- initializePomclasses -->
        <test-method is-config="true" signature="loginActiTime()[pri:0, instance:test.VerifyHeaderOfActitime@42e99e4a]" started-at="2022-02-03T13:10:16 IST" name="loginActiTime" finished-at="2022-02-03T13:10:19 IST" duration-ms="3045" status="PASS">
          <reporter-output>
          </reporter-output>
        </test-method> <!-- loginActiTime -->
        <test-method signature="toVerifyReportTab()[pri:0, instance:test.VerifyHeaderOfActitime@42e99e4a]" started-at="2022-02-03T13:10:19 IST" name="toVerifyReportTab" finished-at="2022-02-03T13:10:20 IST" duration-ms="1414" status="PASS">
          <reporter-output>
          </reporter-output>
        </test-method> <!-- toVerifyReportTab -->
        <test-method is-config="true" signature="logoutActitimeHeader(org.testng.ITestResult)[pri:0, instance:test.VerifyHeaderOfActitime@42e99e4a]" started-at="2022-02-03T13:10:20 IST" name="logoutActitimeHeader" finished-at="2022-02-03T13:10:20 IST" duration-ms="210" status="PASS">
          <params>
            <param index="0">
              <value>
                <![CDATA[[TestResult name=toVerifyReportTab status=SUCCESS method=VerifyHeaderOfActitime.toVerifyReportTab()[pri:0, instance:test.VerifyHeaderOfActitime@42e99e4a] output={null}]]]>
              </value>
            </param>
          </params>
          <reporter-output>
          </reporter-output>
        </test-method> <!-- logoutActitimeHeader -->
        <test-method is-config="true" signature="loginActiTime()[pri:0, instance:test.VerifyHeaderOfActitime@42e99e4a]" started-at="2022-02-03T13:10:20 IST" name="loginActiTime" finished-at="2022-02-03T13:10:21 IST" duration-ms="309" status="PASS">
          <reporter-output>
          </reporter-output>
        </test-method> <!-- loginActiTime -->
        <test-method signature="toVerifyUserTab()[pri:0, instance:test.VerifyHeaderOfActitime@42e99e4a]" started-at="2022-02-03T13:10:21 IST" name="toVerifyUserTab" finished-at="2022-02-03T13:10:22 IST" duration-ms="1082" status="PASS">
          <reporter-output>
          </reporter-output>
        </test-method> <!-- toVerifyUserTab -->
        <test-method is-config="true" signature="logoutActitimeHeader(org.testng.ITestResult)[pri:0, instance:test.VerifyHeaderOfActitime@42e99e4a]" started-at="2022-02-03T13:10:22 IST" name="logoutActitimeHeader" finished-at="2022-02-03T13:10:22 IST" duration-ms="121" status="PASS">
          <params>
            <param index="0">
              <value>
                <![CDATA[[TestResult name=toVerifyUserTab status=SUCCESS method=VerifyHeaderOfActitime.toVerifyUserTab()[pri:0, instance:test.VerifyHeaderOfActitime@42e99e4a] output={null}]]]>
              </value>
            </param>
          </params>
          <reporter-output>
          </reporter-output>
        </test-method> <!-- logoutActitimeHeader -->
        <test-method is-config="true" signature="Clearobjects()[pri:0, instance:test.VerifyHeaderOfActitime@42e99e4a]" started-at="2022-02-03T13:10:22 IST" name="Clearobjects" finished-at="2022-02-03T13:10:22 IST" duration-ms="1" status="PASS">
          <reporter-output>
          </reporter-output>
        </test-method> <!-- Clearobjects -->
        <test-method is-config="true" signature="closeBrowser()[pri:0, instance:test.VerifyHeaderOfActitime@42e99e4a]" started-at="2022-02-03T13:10:22 IST" name="closeBrowser" finished-at="2022-02-03T13:10:22 IST" duration-ms="346" status="PASS">
          <reporter-output>
          </reporter-output>
        </test-method> <!-- closeBrowser -->
      </class> <!-- test.VerifyHeaderOfActitime -->
    </test> <!-- ChromeTest -->
    <test started-at="2022-02-03T13:10:22 IST" name="FirefoxTest" finished-at="2022-02-03T13:10:35 IST" duration-ms="12729">
      <class name="test.VerifyHeaderOfActitime">
        <test-method is-config="true" signature="lauchBrowser(java.lang.String)[pri:0, instance:test.VerifyHeaderOfActitime@49ec71f8]" started-at="2022-02-03T13:10:22 IST" name="lauchBrowser" finished-at="2022-02-03T13:10:28 IST" duration-ms="5462" status="PASS">
          <params>
            <param index="0">
              <value>
                <![CDATA[firefox]]>
              </value>
            </param>
          </params>
          <reporter-output>
          </reporter-output>
        </test-method> <!-- lauchBrowser -->
        <test-method is-config="true" signature="initializePomclasses()[pri:0, instance:test.VerifyHeaderOfActitime@49ec71f8]" started-at="2022-02-03T13:10:28 IST" name="initializePomclasses" finished-at="2022-02-03T13:10:28 IST" duration-ms="1" status="PASS">
          <reporter-output>
          </reporter-output>
        </test-method> <!-- initializePomclasses -->
        <test-method is-config="true" signature="loginActiTime()[pri:0, instance:test.VerifyHeaderOfActitime@49ec71f8]" started-at="2022-02-03T13:10:28 IST" name="loginActiTime" finished-at="2022-02-03T13:10:30 IST" duration-ms="2162" status="PASS">
          <reporter-output>
          </reporter-output>
        </test-method> <!-- loginActiTime -->
        <test-method signature="toVerifyReportTab()[pri:0, instance:test.VerifyHeaderOfActitime@49ec71f8]" started-at="2022-02-03T13:10:30 IST" name="toVerifyReportTab" finished-at="2022-02-03T13:10:30 IST" duration-ms="554" status="PASS">
          <reporter-output>
          </reporter-output>
        </test-method> <!-- toVerifyReportTab -->
        <test-method is-config="true" signature="logoutActitimeHeader(org.testng.ITestResult)[pri:0, instance:test.VerifyHeaderOfActitime@49ec71f8]" started-at="2022-02-03T13:10:30 IST" name="logoutActitimeHeader" finished-at="2022-02-03T13:10:31 IST" duration-ms="238" status="PASS">
          <params>
            <param index="0">
              <value>
                <![CDATA[[TestResult name=toVerifyReportTab status=SUCCESS method=VerifyHeaderOfActitime.toVerifyReportTab()[pri:0, instance:test.VerifyHeaderOfActitime@49ec71f8] output={null}]]]>
              </value>
            </param>
          </params>
          <reporter-output>
          </reporter-output>
        </test-method> <!-- logoutActitimeHeader -->
        <test-method is-config="true" signature="loginActiTime()[pri:0, instance:test.VerifyHeaderOfActitime@49ec71f8]" started-at="2022-02-03T13:10:31 IST" name="loginActiTime" finished-at="2022-02-03T13:10:31 IST" duration-ms="857" status="PASS">
          <reporter-output>
          </reporter-output>
        </test-method> <!-- loginActiTime -->
        <test-method signature="toVerifyUserTab()[pri:0, instance:test.VerifyHeaderOfActitime@49ec71f8]" started-at="2022-02-03T13:10:31 IST" name="toVerifyUserTab" finished-at="2022-02-03T13:10:32 IST" duration-ms="910" status="PASS">
          <reporter-output>
          </reporter-output>
        </test-method> <!-- toVerifyUserTab -->
        <test-method is-config="true" signature="logoutActitimeHeader(org.testng.ITestResult)[pri:0, instance:test.VerifyHeaderOfActitime@49ec71f8]" started-at="2022-02-03T13:10:32 IST" name="logoutActitimeHeader" finished-at="2022-02-03T13:10:32 IST" duration-ms="172" status="PASS">
          <params>
            <param index="0">
              <value>
                <![CDATA[[TestResult name=toVerifyUserTab status=SUCCESS method=VerifyHeaderOfActitime.toVerifyUserTab()[pri:0, instance:test.VerifyHeaderOfActitime@49ec71f8] output={null}]]]>
              </value>
            </param>
          </params>
          <reporter-output>
          </reporter-output>
        </test-method> <!-- logoutActitimeHeader -->
        <test-method is-config="true" signature="closeBrowser()[pri:0, instance:test.VerifyHeaderOfActitime@49ec71f8]" started-at="2022-02-03T13:10:32 IST" name="closeBrowser" finished-at="2022-02-03T13:10:35 IST" duration-ms="2361" status="PASS">
          <reporter-output>
          </reporter-output>
        </test-method> <!-- closeBrowser -->
        <test-method is-config="true" signature="Clearobjects()[pri:0, instance:test.VerifyHeaderOfActitime@49ec71f8]" started-at="2022-02-03T13:10:32 IST" name="Clearobjects" finished-at="2022-02-03T13:10:32 IST" duration-ms="0" status="PASS">
          <reporter-output>
          </reporter-output>
        </test-method> <!-- Clearobjects -->
      </class> <!-- test.VerifyHeaderOfActitime -->
    </test> <!-- FirefoxTest -->
  </suite> <!-- Suite -->
</testng-results>
